<?xml version="1.0" encoding="UTF-8"?>
<testsuite xmlns:xsi="http://www.w3.org/2001/XMLSchema-instance" xsi:schemaLocation="https://maven.apache.org/surefire/maven-surefire-plugin/xsd/surefire-test-report.xsd" name="fr.yaya_diallo.workinguinee.backend.CrudServiceTest" time="0.051" tests="3" errors="0" skipped="0" failures="0">
  <properties>
[...]
</properties>
  <testcase name="testRemoveBeanFromService" classname="fr.yaya_diallo.workinguinee.backend.CrudServiceTest" time="0.002"/>
  <testcase name="testAddEntityTwice" classname="fr.yaya_diallo.workinguinee.backend.CrudServiceTest" time="0"/>
  <testcase name="testSaveTenBeansToService" classname="fr.yaya_diallo.workinguinee.backend.CrudServiceTest" time="0"/>
</testsuite>